<?xml version="1.0" encoding="UTF-8"?>
<!-- Generated by org.testng.reporters.JUnitXMLReporter -->
<testsuite ignored="4" hostname="DESKTOP-VTOKQ5D" failures="0" tests="1" name="Default test" time="13.533" errors="0" timestamp="2023-04-27T21:07:22 EDT">
  <testcase classname="testCases.Registartion_TestCase8_9_10" name="registeringAccountUsingKeyboardkeys" time="2.036"/>
  <testcase classname="testCases.Registartion_TestCase8_9_10" name="registeringAccountWithUnmatchedPassandRepass" time="0.0">
    <ignored/>
  </testcase> <!-- registeringAccountWithUnmatchedPassandRepass -->
  <testcase classname="testCases.Registartion_TestCase8_9_10" name="registeringAccountWithExistingAccountDetails" time="0.0">
    <ignored/>
  </testcase> <!-- registeringAccountWithExistingAccountDetails -->
  <testcase classname="testCases.Registartion_TestCase8_9_10" name="registeringAccountWithInvalidEmail" time="0.0">
    <ignored/>
  </testcase> <!-- registeringAccountWithInvalidEmail -->
  <testcase classname="testCases.Registartion_TestCase8_9_10" name="invalidPhoneNumber" time="0.0">
    <ignored/>
  </testcase> <!-- invalidPhoneNumber -->
</testsuite> <!-- Default test -->
